<?xml version="1.0" encoding="UTF-8"?>
<!-- Generated by org.testng.reporters.JUnitReportReporter -->
<testsuite hostname="ULTP_107" name="com.hc.testng.TestNGClass" tests="2" failures="0" timestamp="10 Jul 2014 04:07:17 GMT" time="1.848" errors="0">
  <testcase name="test1" time="1.847" classname="com.hc.testng.TestNGClass"/>
  <testcase name="test3" time="0.001" classname="com.hc.testng.TestNGClass"/>
</testsuite> <!-- com.hc.testng.TestNGClass -->
